Log file open, 03/18/18 14:33:52
LogWindows: Failed to load 'aqProf.dll' (GetLastError=126)
LogWindows: File 'aqProf.dll' does not exist
LogWindows: Failed to load 'VSPerf140.dll' (GetLastError=126)
LogWindows: File 'VSPerf140.dll' does not exist
LogWindows: Failed to load 'VtuneApi.dll' (GetLastError=126)
LogWindows: File 'VtuneApi.dll' does not exist
LogWindows: Failed to load 'VtuneApi32e.dll' (GetLastError=126)
LogWindows: File 'VtuneApi32e.dll' does not exist
LogInit: Display: Running engine for game: Pong
LogPlatformFile: Not using cached read wrapper
LogInit: Display: RandInit(-1198782880) SRandInit(-1198782880).
LogInit: Read version file with build ID '3944462'
LogInit: Overriding engine version to CL 3944462, compatible CL 3944462
LogInit: Registered custom module enumerator with build ID '3944462'
LogTaskGraph: Started task graph with 5 named threads and 23 total threads with 3 sets of task threads.
LogStats: Stats thread started at 0.288599
LogD3D11RHI: Aftermath initialized
LogICUInternationalization: Display: ICU TimeZone Detection - Raw Offset: +5:30, Platform Override: ''
LogPluginManager: Mounting plugin Paper2D
LogPluginManager: Mounting plugin LiveLink
LogPluginManager: Mounting plugin LightPropagationVolume
LogPluginManager: Mounting plugin CLionSourceCodeAccess
LogPluginManager: Mounting plugin CodeLiteSourceCodeAccess
LogPluginManager: Mounting plugin GitSourceControl
LogPluginManager: Mounting plugin KDevelopSourceCodeAccess
LogPluginManager: Mounting plugin NullSourceCodeAccess
LogPluginManager: Mounting plugin PerforceSourceControl
LogPluginManager: Mounting plugin SubversionSourceControl
LogPluginManager: Mounting plugin UObjectPlugin
LogPluginManager: Mounting plugin VisualStudioCodeSourceCodeAccess
LogPluginManager: Mounting plugin VisualStudioSourceCodeAccess
LogPluginManager: Mounting plugin XCodeSourceCodeAccess
LogPluginManager: Mounting plugin AssetManagerEditor
LogPluginManager: Mounting plugin CryptoKeys
LogPluginManager: Mounting plugin DataValidation
LogPluginManager: Mounting plugin FacialAnimation
LogPluginManager: Mounting plugin GameplayTagsEditor
LogPluginManager: Mounting plugin MobileLauncherProfileWizard
LogPluginManager: Mounting plugin PluginBrowser
LogPluginManager: Mounting plugin SpeedTreeImporter
LogPluginManager: Mounting plugin DatasmithContent
LogPluginManager: Mounting plugin AlembicImporter
LogPluginManager: Mounting plugin CharacterAI
LogPluginManager: Mounting plugin HTML5Networking
LogPluginManager: Mounting plugin AndroidMedia
LogPluginManager: Mounting plugin AvfMedia
LogPluginManager: Mounting plugin ImgMedia
LogPluginManager: Mounting plugin LinearTimecode
LogPluginManager: Mounting plugin MediaCompositing
LogPluginManager: Mounting plugin MediaPlayerEditor
LogPluginManager: Mounting plugin WmfMedia
LogPluginManager: Mounting plugin TcpMessaging
LogPluginManager: Mounting plugin UdpMessaging
LogPluginManager: Mounting plugin ActorSequence
LogPluginManager: Mounting plugin LevelSequenceEditor
LogPluginManager: Mounting plugin MatineeToLevelSequence
LogPluginManager: Mounting plugin NetcodeUnitTest
LogPluginManager: Mounting plugin NUTUnrealEngine4
LogPluginManager: Mounting plugin OnlineSubsystemGooglePlay
LogPluginManager: Mounting plugin OnlineSubsystemIOS
LogPluginManager: Mounting plugin OnlineSubsystem
LogPluginManager: Mounting plugin OnlineSubsystemNull
LogPluginManager: Mounting plugin OnlineSubsystemUtils
LogPluginManager: Mounting plugin AndroidDeviceProfileSelector
LogPluginManager: Mounting plugin AndroidMoviePlayer
LogPluginManager: Mounting plugin AndroidPermission
LogPluginManager: Mounting plugin AppleARKit
LogPluginManager: Mounting plugin AppleMoviePlayer
LogPluginManager: Mounting plugin ArchVisCharacter
LogPluginManager: Mounting plugin AudioCapture
LogPluginManager: Mounting plugin CableComponent
LogPluginManager: Mounting plugin CustomMeshComponent
LogPluginManager: Mounting plugin ExampleDeviceProfileSelector
LogPluginManager: Mounting plugin GoogleCloudMessaging
LogPluginManager: Mounting plugin ImmediatePhysics
LogPluginManager: Mounting plugin IOSDeviceProfileSelector
LogPluginManager: Mounting plugin LinuxDeviceProfileSelector
LogPluginManager: Mounting plugin LocationServicesBPLibrary
LogPluginManager: Mounting plugin MobilePatchingUtils
LogPluginManager: Mounting plugin OculusVR
LogPluginManager: Plugin shader directory ../../../Engine/Plugins/Runtime/Oculus/OculusVR/Shaders found
LogPluginManager: Mapping shader source directory ../../../Engine/Plugins/Runtime/Oculus/OculusVR/Shaders to virtual directory /Plugin/OculusVR
LogPluginManager: Mounting plugin PhysXVehicles
LogPluginManager: Mounting plugin ProceduralMeshComponent
LogPluginManager: Mounting plugin RuntimePhysXCooking
LogPluginManager: Mounting plugin SteamVR
LogPluginManager: Mounting plugin WindowsMoviePlayer
LogStreaming: Display: Took  0.040s to configure plugins.
LogModuleManager: Warning: Module file ../../../../../Pong/Binaries/Win64/UE4Editor-Pong-5374.dll is missing. This is likely a stale module that must be recompiled.
LogModuleManager: Display: Found up-to-date module file ../../../Engine/Plugins/2D/Paper2D/Binaries/Win64/UE4Editor-Paper2D.dll (API version 3944462).
LogModuleManager: Display: Found up-to-date module file ../../../Engine/Plugins/2D/Paper2D/Binaries/Win64/UE4Editor-Paper2DEditor.dll (API version 3944462).
LogModuleManager: Display: Found up-to-date module file ../../../Engine/Plugins/2D/Paper2D/Binaries/Win64/UE4Editor-PaperSpriteSheetImporter.dll (API version 3944462).
LogModuleManager: Display: Found up-to-date module file ../../../Engine/Plugins/2D/Paper2D/Binaries/Win64/UE4Editor-PaperTiledImporter.dll (API version 3944462).
LogModuleManager: Display: Found up-to-date module file ../../../Engine/Plugins/2D/Paper2D/Binaries/Win64/UE4Editor-SmartSnapping.dll (API version 3944462).
LogModuleManager: Display: Found up-to-date module file ../../../Engine/Plugins/Animation/LiveLink/Binaries/Win64/UE4Editor-LiveLink.dll (API version 3944462).
LogModuleManager: Display: Found up-to-date module file ../../../Engine/Plugins/Animation/LiveLink/Binaries/Win64/UE4Editor-LiveLinkEditor.dll (API version 3944462).
LogModuleManager: Display: Found up-to-date module file ../../../Engine/Plugins/Blendables/LightPropagationVolume/Binaries/Win64/UE4Editor-LightPropagationVolumeRuntime.dll (API version 3944462).
LogModuleManager: Display: Found up-to-date module file ../../../Engine/Plugins/Blendables/LightPropagationVolume/Binaries/Win64/UE4Editor-LightPropagationVolumeEditor.dll (API version 3944462).
LogModuleManager: Display: Found up-to-date module file ../../../Engine/Plugins/Developer/CLionSourceCodeAccess/Binaries/Win64/UE4Editor-CLionSourceCodeAccess.dll (API version 3944462).
LogModuleManager: Display: Found up-to-date module file ../../../Engine/Plugins/Developer/GitSourceControl/Binaries/Win64/UE4Editor-GitSourceControl.dll (API version 3944462).
LogModuleManager: Display: Found up-to-date module file ../../../Engine/Plugins/Developer/PerforceSourceControl/Binaries/Win64/UE4Editor-PerforceSourceControl.dll (API version 3944462).
LogModuleManager: Display: Found up-to-date module file ../../../Engine/Plugins/Developer/SubversionSourceControl/Binaries/Win64/UE4Editor-SubversionSourceControl.dll (API version 3944462).
LogModuleManager: Display: Found up-to-date module file ../../../Engine/Plugins/Developer/UObjectPlugin/Binaries/Win64/UE4Editor-UObjectPlugin.dll (API version 3944462).
LogModuleManager: Display: Found up-to-date module file ../../../Engine/Plugins/Developer/VisualStudioCodeSourceCodeAccess/Binaries/Win64/UE4Editor-VisualStudioCodeSourceCodeAccess.dll (API version 3944462).
LogModuleManager: Display: Found up-to-date module file ../../../Engine/Plugins/Developer/VisualStudioSourceCodeAccess/Binaries/Win64/UE4Editor-VisualStudioSourceCodeAccess.dll (API version 3944462).
LogModuleManager: Display: Found up-to-date module file ../../../Engine/Plugins/Editor/AssetManagerEditor/Binaries/Win64/UE4Editor-AssetManagerEditor.dll (API version 3944462).
LogModuleManager: Display: Found up-to-date module file ../../../Engine/Plugins/Editor/CryptoKeys/Binaries/Win64/UE4Editor-CryptoKeys.dll (API version 3944462).
LogModuleManager: Display: Found up-to-date module file ../../../Engine/Plugins/Editor/CryptoKeys/Binaries/Win64/UE4Editor-CryptoKeysOpenSSL.dll (API version 3944462).
LogModuleManager: Display: Found up-to-date module file ../../../Engine/Plugins/Editor/DataValidation/Binaries/Win64/UE4Editor-DataValidation.dll (API version 3944462).
LogModuleManager: Display: Found up-to-date module file ../../../Engine/Plugins/Editor/FacialAnimation/Binaries/Win64/UE4Editor-FacialAnimation.dll (API version 3944462).
LogModuleManager: Display: Found up-to-date module file ../../../Engine/Plugins/Editor/FacialAnimation/Binaries/Win64/UE4Editor-FacialAnimationEditor.dll (API version 3944462).
LogModuleManager: Display: Found up-to-date module file ../../../Engine/Plugins/Editor/GameplayTagsEditor/Binaries/Win64/UE4Editor-GameplayTagsEditor.dll (API version 3944462).
LogModuleManager: Display: Found up-to-date module file ../../../Engine/Plugins/Editor/MobileLauncherProfileWizard/Binaries/Win64/UE4Editor-MobileLauncherProfileWizard.dll (API version 3944462).
LogModuleManager: Display: Found up-to-date module file ../../../Engine/Plugins/Editor/PluginBrowser/Binaries/Win64/UE4Editor-PluginBrowser.dll (API version 3944462).
LogModuleManager: Display: Found up-to-date module file ../../../Engine/Plugins/Editor/SpeedTreeImporter/Binaries/Win64/UE4Editor-SpeedTreeImporter.dll (API version 3944462).
LogModuleManager: Display: Found up-to-date module file ../../../Engine/Plugins/Enterprise/DatasmithContent/Binaries/Win64/UE4Editor-DatasmithContent.dll (API version 3944462).
LogModuleManager: Display: Found up-to-date module file ../../../Engine/Plugins/Experimental/AlembicImporter/Binaries/Win64/UE4Editor-AlembicImporter.dll (API version 3944462).
LogModuleManager: Display: Found up-to-date module file ../../../Engine/Plugins/Experimental/AlembicImporter/Binaries/Win64/UE4Editor-AlembicLibrary.dll (API version 3944462).
LogModuleManager: Display: Found up-to-date module file ../../../Engine/Plugins/Experimental/CharacterAI/Binaries/Win64/UE4Editor-CharacterAI.dll (API version 3944462).
LogModuleManager: Display: Found up-to-date module file ../../../Engine/Plugins/Experimental/HTML5Networking/Binaries/Win64/UE4Editor-HTML5Networking.dll (API version 3944462).
LogModuleManager: Display: Found up-to-date module file ../../../Engine/Plugins/Media/AndroidMedia/Binaries/Win64/UE4Editor-AndroidMediaEditor.dll (API version 3944462).
LogModuleManager: Display: Found up-to-date module file ../../../Engine/Plugins/Media/AndroidMedia/Binaries/Win64/UE4Editor-AndroidMediaFactory.dll (API version 3944462).
LogModuleManager: Display: Found up-to-date module file ../../../Engine/Plugins/Media/AvfMedia/Binaries/Win64/UE4Editor-AvfMediaEditor.dll (API version 3944462).
LogModuleManager: Display: Found up-to-date module file ../../../Engine/Plugins/Media/AvfMedia/Binaries/Win64/UE4Editor-AvfMediaFactory.dll (API version 3944462).
LogModuleManager: Display: Found up-to-date module file ../../../Engine/Plugins/Media/AvfMedia/Binaries/Win64/UE4Editor-AvfMediaFactory.dll (API version 3944462).
LogModuleManager: Display: Found up-to-date module file ../../../Engine/Plugins/Media/ImgMedia/Binaries/Win64/UE4Editor-ImgMedia.dll (API version 3944462).
LogModuleManager: Display: Found up-to-date module file ../../../Engine/Plugins/Media/ImgMedia/Binaries/Win64/UE4Editor-ImgMediaEditor.dll (API version 3944462).
LogModuleManager: Display: Found up-to-date module file ../../../Engine/Plugins/Media/ImgMedia/Binaries/Win64/UE4Editor-ImgMediaFactory.dll (API version 3944462).
LogModuleManager: Display: Found up-to-date module file ../../../Engine/Plugins/Media/ImgMedia/Binaries/Win64/UE4Editor-ImgMediaFactory.dll (API version 3944462).
LogModuleManager: Display: Found up-to-date module file ../../../Engine/Plugins/Media/ImgMedia/Binaries/Win64/UE4Editor-OpenExrWrapper.dll (API version 3944462).
LogModuleManager: Display: Found up-to-date module file ../../../Engine/Plugins/Media/LinearTimecode/Binaries/Win64/UE4Editor-LinearTimecode.dll (API version 3944462).
LogModuleManager: Display: Found up-to-date module file ../../../Engine/Plugins/Media/MediaCompositing/Binaries/Win64/UE4Editor-MediaCompositing.dll (API version 3944462).
LogModuleManager: Display: Found up-to-date module file ../../../Engine/Plugins/Media/MediaCompositing/Binaries/Win64/UE4Editor-MediaCompositingEditor.dll (API version 3944462).
LogModuleManager: Display: Found up-to-date module file ../../../Engine/Plugins/Media/MediaPlayerEditor/Binaries/Win64/UE4Editor-MediaPlayerEditor.dll (API version 3944462).
LogModuleManager: Display: Found up-to-date module file ../../../Engine/Plugins/Media/WmfMedia/Binaries/Win64/UE4Editor-WmfMedia.dll (API version 3944462).
LogModuleManager: Display: Found up-to-date module file ../../../Engine/Plugins/Media/WmfMedia/Binaries/Win64/UE4Editor-WmfMediaEditor.dll (API version 3944462).
LogModuleManager: Display: Found up-to-date module file ../../../Engine/Plugins/Media/WmfMedia/Binaries/Win64/UE4Editor-WmfMediaFactory.dll (API version 3944462).
LogModuleManager: Display: Found up-to-date module file ../../../Engine/Plugins/Media/WmfMedia/Binaries/Win64/UE4Editor-WmfMediaFactory.dll (API version 3944462).
LogModuleManager: Display: Found up-to-date module file ../../../Engine/Plugins/Messaging/TcpMessaging/Binaries/Win64/UE4Editor-TcpMessaging.dll (API version 3944462).
LogModuleManager: Display: Found up-to-date module file ../../../Engine/Plugins/Messaging/UdpMessaging/Binaries/Win64/UE4Editor-UdpMessaging.dll (API version 3944462).
LogModuleManager: Display: Found up-to-date module file ../../../Engine/Plugins/MovieScene/ActorSequence/Binaries/Win64/UE4Editor-ActorSequence.dll (API version 3944462).
LogModuleManager: Display: Found up-to-date module file ../../../Engine/Plugins/MovieScene/LevelSequenceEditor/Binaries/Win64/UE4Editor-LevelSequenceEditor.dll (API version 3944462).
LogModuleManager: Display: Found up-to-date module file ../../../Engine/Plugins/MovieScene/MatineeToLevelSequence/Binaries/Win64/UE4Editor-MatineeToLevelSequence.dll (API version 3944462).
LogModuleManager: Display: Found up-to-date module file ../../../Engine/Plugins/NetcodeUnitTest/NetcodeUnitTest/Binaries/Win64/UE4Editor-NetcodeUnitTest.dll (API version 3944462).
LogModuleManager: Display: Found up-to-date module file ../../../Engine/Plugins/NetcodeUnitTest/NUTUnrealEngine4/Binaries/Win64/UE4Editor-NUTUnrealEngine4.dll (API version 3944462).
LogModuleManager: Display: Found up-to-date module file ../../../Engine/Plugins/Online/OnlineSubsystem/Binaries/Win64/UE4Editor-OnlineSubsystem.dll (API version 3944462).
LogModuleManager: Display: Found up-to-date module file ../../../Engine/Plugins/Online/OnlineSubsystemNull/Binaries/Win64/UE4Editor-OnlineSubsystemNull.dll (API version 3944462).
LogModuleManager: Display: Found up-to-date module file ../../../Engine/Plugins/Online/OnlineSubsystemUtils/Binaries/Win64/UE4Editor-OnlineSubsystemUtils.dll (API version 3944462).
LogModuleManager: Display: Found up-to-date module file ../../../Engine/Plugins/Online/OnlineSubsystemUtils/Binaries/Win64/UE4Editor-OnlineBlueprintSupport.dll (API version 3944462).
LogModuleManager: Display: Found up-to-date module file ../../../Engine/Plugins/Runtime/AndroidDeviceProfileSelector/Binaries/Win64/UE4Editor-AndroidDeviceProfileSelector.dll (API version 3944462).
LogModuleManager: Display: Found up-to-date module file ../../../Engine/Plugins/Runtime/AndroidPermission/Binaries/Win64/UE4Editor-AndroidPermission.dll (API version 3944462).
LogModuleManager: Display: Found up-to-date module file ../../../Engine/Plugins/Runtime/AppleARKit/Binaries/Win64/UE4Editor-AppleARKit.dll (API version 3944462).
LogModuleManager: Display: Found up-to-date module file ../../../Engine/Plugins/Runtime/ArchVisCharacter/Binaries/Win64/UE4Editor-ArchVisCharacter.dll (API version 3944462).
LogModuleManager: Display: Found up-to-date module file ../../../Engine/Plugins/Runtime/AudioCapture/Binaries/Win64/UE4Editor-AudioCapture.dll (API version 3944462).
LogModuleManager: Display: Found up-to-date module file ../../../Engine/Plugins/Runtime/AudioCapture/Binaries/Win64/UE4Editor-AudioCaptureEditor.dll (API version 3944462).
LogModuleManager: Display: Found up-to-date module file ../../../Engine/Plugins/Runtime/CableComponent/Binaries/Win64/UE4Editor-CableComponent.dll (API version 3944462).
LogModuleManager: Display: Found up-to-date module file ../../../Engine/Plugins/Runtime/CustomMeshComponent/Binaries/Win64/UE4Editor-CustomMeshComponent.dll (API version 3944462).
LogModuleManager: Display: Found up-to-date module file ../../../Engine/Plugins/Runtime/ExampleDeviceProfileSelector/Binaries/Win64/UE4Editor-ExampleDeviceProfileSelector.dll (API version 3944462).
LogModuleManager: Display: Found up-to-date module file ../../../Engine/Plugins/Runtime/ImmediatePhysics/Binaries/Win64/UE4Editor-ImmediatePhysics.dll (API version 3944462).
LogModuleManager: Display: Found up-to-date module file ../../../Engine/Plugins/Runtime/ImmediatePhysics/Binaries/Win64/UE4Editor-ImmediatePhysicsEditor.dll (API version 3944462).
LogModuleManager: Display: Found up-to-date module file ../../../Engine/Plugins/Runtime/LocationServicesBPLibrary/Binaries/Win64/UE4Editor-LocationServicesBPLibrary.dll (API version 3944462).
LogModuleManager: Display: Found up-to-date module file ../../../Engine/Plugins/Runtime/MobilePatchingUtils/Binaries/Win64/UE4Editor-MobilePatchingUtils.dll (API version 3944462).
LogModuleManager: Display: Found up-to-date module file ../../../Engine/Plugins/Runtime/Oculus/OculusVR/Binaries/Win64/UE4Editor-OculusHMD.dll (API version 3944462).
LogModuleManager: Display: Found up-to-date module file ../../../Engine/Plugins/Runtime/Oculus/OculusVR/Binaries/Win64/UE4Editor-OculusInput.dll (API version 3944462).
LogModuleManager: Display: Found up-to-date module file ../../../Engine/Plugins/Runtime/Oculus/OculusVR/Binaries/Win64/UE4Editor-OculusEditor.dll (API version 3944462).
LogModuleManager: Display: Found up-to-date module file ../../../Engine/Plugins/Runtime/PhysXVehicles/Binaries/Win64/UE4Editor-PhysXVehicles.dll (API version 3944462).
LogModuleManager: Display: Found up-to-date module file ../../../Engine/Plugins/Runtime/PhysXVehicles/Binaries/Win64/UE4Editor-PhysXVehiclesEditor.dll (API version 3944462).
LogModuleManager: Display: Found up-to-date module file ../../../Engine/Plugins/Runtime/ProceduralMeshComponent/Binaries/Win64/UE4Editor-ProceduralMeshComponent.dll (API version 3944462).
LogModuleManager: Display: Found up-to-date module file ../../../Engine/Plugins/Runtime/ProceduralMeshComponent/Binaries/Win64/UE4Editor-ProceduralMeshComponentEditor.dll (API version 3944462).
LogModuleManager: Display: Found up-to-date module file ../../../Engine/Plugins/Runtime/RuntimePhysXCooking/Binaries/Win64/UE4Editor-RuntimePhysXCooking.dll (API version 3944462).
LogModuleManager: Display: Found up-to-date module file ../../../Engine/Plugins/Runtime/Steam/SteamVR/Binaries/Win64/UE4Editor-SteamVR.dll (API version 3944462).
LogModuleManager: Display: Found up-to-date module file ../../../Engine/Plugins/Runtime/Steam/SteamVR/Binaries/Win64/UE4Editor-SteamVRController.dll (API version 3944462).
LogModuleManager: Display: Found up-to-date module file ../../../Engine/Plugins/Runtime/WindowsMoviePlayer/Binaries/Win64/UE4Editor-WindowsMoviePlayer.dll (API version 3944462).
LogInit: Warning: Incompatible or missing module: UE4Editor-Pong.dll
Running F:/ue/UE_4.19/Engine/Binaries/DotNET/UnrealBuildTool.exe Pong Development Win64 -project="F:/Pong/Pong.uproject" -editorrecompile -progress -NoHotReloadFromIDE
Creating makefile for Pong (no existing makefile)
@progress push 5%
@progress pop
Deleting old hot reload file: "F:\Pong\Binaries\Win64\UE4Editor-Pong-3889.dll".
Deleting old hot reload file: "F:\Pong\Binaries\Win64\UE4Editor-Pong-3889.pdb".
Deleting old hot reload file: "F:\Pong\Binaries\Win64\UE4Editor-Pong-5211.dll".
Deleting old hot reload file: "F:\Pong\Binaries\Win64\UE4Editor-Pong-5211.pdb".
Deleting old hot reload file: "F:\Pong\Binaries\Win64\UE4Editor-Pong-6395.dll".
Deleting old hot reload file: "F:\Pong\Binaries\Win64\UE4Editor-Pong-6395.pdb".
Deleting old hot reload file: "F:\Pong\Binaries\Win64\UE4Editor-Pong-6424.dll".
Deleting old hot reload file: "F:\Pong\Binaries\Win64\UE4Editor-Pong-6424.pdb".
Deleting old hot reload file: "F:\Pong\Binaries\Win64\UE4Editor-Pong-8645.dll".
Deleting old hot reload file: "F:\Pong\Binaries\Win64\UE4Editor-Pong-8645.pdb".
Deleting old hot reload file: "F:\Pong\Binaries\Win64\UE4Editor-Pong-9213.dll".
Deleting old hot reload file: "F:\Pong\Binaries\Win64\UE4Editor-Pong-9213.pdb".
Deleting old hot reload file: "F:\Pong\Binaries\Win64\UE4Editor-Pong-9601.dll".
Deleting old hot reload file: "F:\Pong\Binaries\Win64\UE4Editor-Pong-9601.pdb".
Deleting old hot reload file: "F:\Pong\Binaries\Win64\UE4Editor-Pong-9756.dll".
Unable to delete old hot reload file: "F:\Pong\Binaries\Win64\UE4Editor-Pong-9756.dll". Error: Access to the path 'F:\Pong\Binaries\Win64\UE4Editor-Pong-9756.dll' is denied.
Deleting old hot reload file: "F:\Pong\Binaries\Win64\UE4Editor-Pong-9756.pdb".
Performing 1 actions (4 in parallel)
[1/1] Link UE4Editor-Pong.dll
   Creating library F:\Pong\Intermediate\Build\Win64\UE4Editor\Development\UE4Editor-Pong.suppressed.lib and object F:\Pong\Intermediate\Build\Win64\UE4Editor\Development\UE4Editor-Pong.suppressed.exp
Total build time: 6.33 seconds (Local executor: 1.22 seconds)
LogModuleManager: Display: Found up-to-date module file ../../../../../Pong/Binaries/Win64/UE4Editor-Pong.dll (API version 3944462).
LogModuleManager: Display: Found up-to-date module file ../../../Engine/Plugins/2D/Paper2D/Binaries/Win64/UE4Editor-Paper2D.dll (API version 3944462).
LogModuleManager: Display: Found up-to-date module file ../../../Engine/Plugins/2D/Paper2D/Binaries/Win64/UE4Editor-Paper2DEditor.dll (API version 3944462).
LogModuleManager: Display: Found up-to-date module file ../../../Engine/Plugins/2D/Paper2D/Binaries/Win64/UE4Editor-PaperSpriteSheetImporter.dll (API version 3944462).
LogModuleManager: Display: Found up-to-date module file ../../../Engine/Plugins/2D/Paper2D/Binaries/Win64/UE4Editor-PaperTiledImporter.dll (API version 3944462).
LogModuleManager: Display: Found up-to-date module file ../../../Engine/Plugins/2D/Paper2D/Binaries/Win64/UE4Editor-SmartSnapping.dll (API version 3944462).
LogModuleManager: Display: Found up-to-date module file ../../../Engine/Plugins/Animation/LiveLink/Binaries/Win64/UE4Editor-LiveLink.dll (API version 3944462).
LogModuleManager: Display: Found up-to-date module file ../../../Engine/Plugins/Animation/LiveLink/Binaries/Win64/UE4Editor-LiveLinkEditor.dll (API version 3944462).
LogModuleManager: Display: Found up-to-date module file ../../../Engine/Plugins/Blendables/LightPropagationVolume/Binaries/Win64/UE4Editor-LightPropagationVolumeRuntime.dll (API version 3944462).
LogModuleManager: Display: Found up-to-date module file ../../../Engine/Plugins/Blendables/LightPropagationVolume/Binaries/Win64/UE4Editor-LightPropagationVolumeEditor.dll (API version 3944462).
LogModuleManager: Display: Found up-to-date module file ../../../Engine/Plugins/Developer/CLionSourceCodeAccess/Binaries/Win64/UE4Editor-CLionSourceCodeAccess.dll (API version 3944462).
LogModuleManager: Display: Found up-to-date module file ../../../Engine/Plugins/Developer/GitSourceControl/Binaries/Win64/UE4Editor-GitSourceControl.dll (API version 3944462).
LogModuleManager: Display: Found up-to-date module file ../../../Engine/Plugins/Developer/PerforceSourceControl/Binaries/Win64/UE4Editor-PerforceSourceControl.dll (API version 3944462).
LogModuleManager: Display: Found up-to-date module file ../../../Engine/Plugins/Developer/SubversionSourceControl/Binaries/Win64/UE4Editor-SubversionSourceControl.dll (API version 3944462).
LogModuleManager: Display: Found up-to-date module file ../../../Engine/Plugins/Developer/UObjectPlugin/Binaries/Win64/UE4Editor-UObjectPlugin.dll (API version 3944462).
LogModuleManager: Display: Found up-to-date module file ../../../Engine/Plugins/Developer/VisualStudioCodeSourceCodeAccess/Binaries/Win64/UE4Editor-VisualStudioCodeSourceCodeAccess.dll (API version 3944462).
LogModuleManager: Display: Found up-to-date module file ../../../Engine/Plugins/Developer/VisualStudioSourceCodeAccess/Binaries/Win64/UE4Editor-VisualStudioSourceCodeAccess.dll (API version 3944462).
LogModuleManager: Display: Found up-to-date module file ../../../Engine/Plugins/Editor/AssetManagerEditor/Binaries/Win64/UE4Editor-AssetManagerEditor.dll (API version 3944462).
LogModuleManager: Display: Found up-to-date module file ../../../Engine/Plugins/Editor/CryptoKeys/Binaries/Win64/UE4Editor-CryptoKeys.dll (API version 3944462).
LogModuleManager: Display: Found up-to-date module file ../../../Engine/Plugins/Editor/CryptoKeys/Binaries/Win64/UE4Editor-CryptoKeysOpenSSL.dll (API version 3944462).
LogModuleManager: Display: Found up-to-date module file ../../../Engine/Plugins/Editor/DataValidation/Binaries/Win64/UE4Editor-DataValidation.dll (API version 3944462).
LogModuleManager: Display: Found up-to-date module file ../../../Engine/Plugins/Editor/FacialAnimation/Binaries/Win64/UE4Editor-FacialAnimation.dll (API version 3944462).
LogModuleManager: Display: Found up-to-date module file ../../../Engine/Plugins/Editor/FacialAnimation/Binaries/Win64/UE4Editor-FacialAnimationEditor.dll (API version 3944462).
LogModuleManager: Display: Found up-to-date module file ../../../Engine/Plugins/Editor/GameplayTagsEditor/Binaries/Win64/UE4Editor-GameplayTagsEditor.dll (API version 3944462).
LogModuleManager: Display: Found up-to-date module file ../../../Engine/Plugins/Editor/MobileLauncherProfileWizard/Binaries/Win64/UE4Editor-MobileLauncherProfileWizard.dll (API version 3944462).
LogModuleManager: Display: Found up-to-date module file ../../../Engine/Plugins/Editor/PluginBrowser/Binaries/Win64/UE4Editor-PluginBrowser.dll (API version 3944462).
LogModuleManager: Display: Found up-to-date module file ../../../Engine/Plugins/Editor/SpeedTreeImporter/Binaries/Win64/UE4Editor-SpeedTreeImporter.dll (API version 3944462).
LogModuleManager: Display: Found up-to-date module file ../../../Engine/Plugins/Enterprise/DatasmithContent/Binaries/Win64/UE4Editor-DatasmithContent.dll (API version 3944462).
LogModuleManager: Display: Found up-to-date module file ../../../Engine/Plugins/Experimental/AlembicImporter/Binaries/Win64/UE4Editor-AlembicImporter.dll (API version 3944462).
LogModuleManager: Display: Found up-to-date module file ../../../Engine/Plugins/Experimental/AlembicImporter/Binaries/Win64/UE4Editor-AlembicLibrary.dll (API version 3944462).
LogModuleManager: Display: Found up-to-date module file ../../../Engine/Plugins/Experimental/CharacterAI/Binaries/Win64/UE4Editor-CharacterAI.dll (API version 3944462).
LogModuleManager: Display: Found up-to-date module file ../../../Engine/Plugins/Experimental/HTML5Networking/Binaries/Win64/UE4Editor-HTML5Networking.dll (API version 3944462).
LogModuleManager: Display: Found up-to-date module file ../../../Engine/Plugins/Media/AndroidMedia/Binaries/Win64/UE4Editor-AndroidMediaEditor.dll (API version 3944462).
LogModuleManager: Display: Found up-to-date module file ../../../Engine/Plugins/Media/AndroidMedia/Binaries/Win64/UE4Editor-AndroidMediaFactory.dll (API version 3944462).
LogModuleManager: Display: Found up-to-date module file ../../../Engine/Plugins/Media/AvfMedia/Binaries/Win64/UE4Editor-AvfMediaEditor.dll (API version 3944462).
LogModuleManager: Display: Found up-to-date module file ../../../Engine/Plugins/Media/AvfMedia/Binaries/Win64/UE4Editor-AvfMediaFactory.dll (API version 3944462).
LogModuleManager: Display: Found up-to-date module file ../../../Engine/Plugins/Media/AvfMedia/Binaries/Win64/UE4Editor-AvfMediaFactory.dll (API version 3944462).
LogModuleManager: Display: Found up-to-date module file ../../../Engine/Plugins/Media/ImgMedia/Binaries/Win64/UE4Editor-ImgMedia.dll (API version 3944462).
LogModuleManager: Display: Found up-to-date module file ../../../Engine/Plugins/Media/ImgMedia/Binaries/Win64/UE4Editor-ImgMediaEditor.dll (API version 3944462).
LogModuleManager: Display: Found up-to-date module file ../../../Engine/Plugins/Media/ImgMedia/Binaries/Win64/UE4Editor-ImgMediaFactory.dll (API version 3944462).
LogModuleManager: Display: Found up-to-date module file ../../../Engine/Plugins/Media/ImgMedia/Binaries/Win64/UE4Editor-ImgMediaFactory.dll (API version 3944462).
LogModuleManager: Display: Found up-to-date module file ../../../Engine/Plugins/Media/ImgMedia/Binaries/Win64/UE4Editor-OpenExrWrapper.dll (API version 3944462).
LogModuleManager: Display: Found up-to-date module file ../../../Engine/Plugins/Media/LinearTimecode/Binaries/Win64/UE4Editor-LinearTimecode.dll (API version 3944462).
LogModuleManager: Display: Found up-to-date module file ../../../Engine/Plugins/Media/MediaCompositing/Binaries/Win64/UE4Editor-MediaCompositing.dll (API version 3944462).
LogModuleManager: Display: Found up-to-date module file ../../../Engine/Plugins/Media/MediaCompositing/Binaries/Win64/UE4Editor-MediaCompositingEditor.dll (API version 3944462).
LogModuleManager: Display: Found up-to-date module file ../../../Engine/Plugins/Media/MediaPlayerEditor/Binaries/Win64/UE4Editor-MediaPlayerEditor.dll (API version 3944462).
LogModuleManager: Display: Found up-to-date module file ../../../Engine/Plugins/Media/WmfMedia/Binaries/Win64/UE4Editor-WmfMedia.dll (API version 3944462).
LogModuleManager: Display: Found up-to-date module file ../../../Engine/Plugins/Media/WmfMedia/Binaries/Win64/UE4Editor-WmfMediaEditor.dll (API version 3944462).
LogModuleManager: Display: Found up-to-date module file ../../../Engine/Plugins/Media/WmfMedia/Binaries/Win64/UE4Editor-WmfMediaFactory.dll (API version 3944462).
LogModuleManager: Display: Found up-to-date module file ../../../Engine/Plugins/Media/WmfMedia/Binaries/Win64/UE4Editor-WmfMediaFactory.dll (API version 3944462).
LogModuleManager: Display: Found up-to-date module file ../../../Engine/Plugins/Messaging/TcpMessaging/Binaries/Win64/UE4Editor-TcpMessaging.dll (API version 3944462).
LogModuleManager: Display: Found up-to-date module file ../../../Engine/Plugins/Messaging/UdpMessaging/Binaries/Win64/UE4Editor-UdpMessaging.dll (API version 3944462).
LogModuleManager: Display: Found up-to-date module file ../../../Engine/Plugins/MovieScene/ActorSequence/Binaries/Win64/UE4Editor-ActorSequence.dll (API version 3944462).
LogModuleManager: Display: Found up-to-date module file ../../../Engine/Plugins/MovieScene/LevelSequenceEditor/Binaries/Win64/UE4Editor-LevelSequenceEditor.dll (API version 3944462).
LogModuleManager: Display: Found up-to-date module file ../../../Engine/Plugins/MovieScene/MatineeToLevelSequence/Binaries/Win64/UE4Editor-MatineeToLevelSequence.dll (API version 3944462).
LogModuleManager: Display: Found up-to-date module file ../../../Engine/Plugins/NetcodeUnitTest/NetcodeUnitTest/Binaries/Win64/UE4Editor-NetcodeUnitTest.dll (API version 3944462).
LogModuleManager: Display: Found up-to-date module file ../../../Engine/Plugins/NetcodeUnitTest/NUTUnrealEngine4/Binaries/Win64/UE4Editor-NUTUnrealEngine4.dll (API version 3944462).
LogModuleManager: Display: Found up-to-date module file ../../../Engine/Plugins/Online/OnlineSubsystem/Binaries/Win64/UE4Editor-OnlineSubsystem.dll (API version 3944462).
LogModuleManager: Display: Found up-to-date module file ../../../Engine/Plugins/Online/OnlineSubsystemNull/Binaries/Win64/UE4Editor-OnlineSubsystemNull.dll (API version 3944462).
LogModuleManager: Display: Found up-to-date module file ../../../Engine/Plugins/Online/OnlineSubsystemUtils/Binaries/Win64/UE4Editor-OnlineSubsystemUtils.dll (API version 3944462).
LogModuleManager: Display: Found up-to-date module file ../../../Engine/Plugins/Online/OnlineSubsystemUtils/Binaries/Win64/UE4Editor-OnlineBlueprintSupport.dll (API version 3944462).
LogModuleManager: Display: Found up-to-date module file ../../../Engine/Plugins/Runtime/AndroidDeviceProfileSelector/Binaries/Win64/UE4Editor-AndroidDeviceProfileSelector.dll (API version 3944462).
LogModuleManager: Display: Found up-to-date module file ../../../Engine/Plugins/Runtime/AndroidPermission/Binaries/Win64/UE4Editor-AndroidPermission.dll (API version 3944462).
LogModuleManager: Display: Found up-to-date module file ../../../Engine/Plugins/Runtime/AppleARKit/Binaries/Win64/UE4Editor-AppleARKit.dll (API version 3944462).
LogModuleManager: Display: Found up-to-date module file ../../../Engine/Plugins/Runtime/ArchVisCharacter/Binaries/Win64/UE4Editor-ArchVisCharacter.dll (API version 3944462).
LogModuleManager: Display: Found up-to-date module file ../../../Engine/Plugins/Runtime/AudioCapture/Binaries/Win64/UE4Editor-AudioCapture.dll (API version 3944462).
LogModuleManager: Display: Found up-to-date module file ../../../Engine/Plugins/Runtime/AudioCapture/Binaries/Win64/UE4Editor-AudioCaptureEditor.dll (API version 3944462).
LogModuleManager: Display: Found up-to-date module file ../../../Engine/Plugins/Runtime/CableComponent/Binaries/Win64/UE4Editor-CableComponent.dll (API version 3944462).
LogModuleManager: Display: Found up-to-date module file ../../../Engine/Plugins/Runtime/CustomMeshComponent/Binaries/Win64/UE4Editor-CustomMeshComponent.dll (API version 3944462).
LogModuleManager: Display: Found up-to-date module file ../../../Engine/Plugins/Runtime/ExampleDeviceProfileSelector/Binaries/Win64/UE4Editor-ExampleDeviceProfileSelector.dll (API version 3944462).
LogModuleManager: Display: Found up-to-date module file ../../../Engine/Plugins/Runtime/ImmediatePhysics/Binaries/Win64/UE4Editor-ImmediatePhysics.dll (API version 3944462).
LogModuleManager: Display: Found up-to-date module file ../../../Engine/Plugins/Runtime/ImmediatePhysics/Binaries/Win64/UE4Editor-ImmediatePhysicsEditor.dll (API version 3944462).
LogModuleManager: Display: Found up-to-date module file ../../../Engine/Plugins/Runtime/LocationServicesBPLibrary/Binaries/Win64/UE4Editor-LocationServicesBPLibrary.dll (API version 3944462).
LogModuleManager: Display: Found up-to-date module file ../../../Engine/Plugins/Runtime/MobilePatchingUtils/Binaries/Win64/UE4Editor-MobilePatchingUtils.dll (API version 3944462).
LogModuleManager: Display: Found up-to-date module file ../../../Engine/Plugins/Runtime/Oculus/OculusVR/Binaries/Win64/UE4Editor-OculusHMD.dll (API version 3944462).
LogModuleManager: Display: Found up-to-date module file ../../../Engine/Plugins/Runtime/Oculus/OculusVR/Binaries/Win64/UE4Editor-OculusInput.dll (API version 3944462).
LogModuleManager: Display: Found up-to-date module file ../../../Engine/Plugins/Runtime/Oculus/OculusVR/Binaries/Win64/UE4Editor-OculusEditor.dll (API version 3944462).
LogModuleManager: Display: Found up-to-date module file ../../../Engine/Plugins/Runtime/PhysXVehicles/Binaries/Win64/UE4Editor-PhysXVehicles.dll (API version 3944462).
LogModuleManager: Display: Found up-to-date module file ../../../Engine/Plugins/Runtime/PhysXVehicles/Binaries/Win64/UE4Editor-PhysXVehiclesEditor.dll (API version 3944462).
LogModuleManager: Display: Found up-to-date module file ../../../Engine/Plugins/Runtime/ProceduralMeshComponent/Binaries/Win64/UE4Editor-ProceduralMeshComponent.dll (API version 3944462).
LogModuleManager: Display: Found up-to-date module file ../../../Engine/Plugins/Runtime/ProceduralMeshComponent/Binaries/Win64/UE4Editor-ProceduralMeshComponentEditor.dll (API version 3944462).
LogModuleManager: Display: Found up-to-date module file ../../../Engine/Plugins/Runtime/RuntimePhysXCooking/Binaries/Win64/UE4Editor-RuntimePhysXCooking.dll (API version 3944462).
LogModuleManager: Display: Found up-to-date module file ../../../Engine/Plugins/Runtime/Steam/SteamVR/Binaries/Win64/UE4Editor-SteamVR.dll (API version 3944462).
LogModuleManager: Display: Found up-to-date module file ../../../Engine/Plugins/Runtime/Steam/SteamVR/Binaries/Win64/UE4Editor-SteamVRController.dll (API version 3944462).
LogModuleManager: Display: Found up-to-date module file ../../../Engine/Plugins/Runtime/WindowsMoviePlayer/Binaries/Win64/UE4Editor-WindowsMoviePlayer.dll (API version 3944462).
LogInit: Using libcurl 7.47.1
LogInit:  - built for x86_64-pc-win32
LogInit:  - supports SSL with OpenSSL/1.0.2g
LogInit:  - supports HTTP deflate (compression) using libz 1.2.8
LogInit:  - other features:
LogInit:      CURL_VERSION_SSL
LogInit:      CURL_VERSION_LIBZ
LogInit:      CURL_VERSION_IPV6
LogInit:      CURL_VERSION_ASYNCHDNS
LogInit:      CURL_VERSION_LARGEFILE
LogInit:      CURL_VERSION_IDN
LogInit:  CurlRequestOptions (configurable via config and command line):
LogInit:  - bVerifyPeer = false  - Libcurl will NOT verify peer certificate
LogInit:  - bUseHttpProxy = false  - Libcurl will NOT use HTTP proxy
LogInit:  - bDontReuseConnections = false  - Libcurl will reuse connections
LogInit:  - CertBundlePath = nullptr  - Libcurl will use whatever was configured at build time.
LogInit:  - MaxHostConnections = 16  - Libcurl will limit the number of connections to a host
LogInit:  - LocalHostAddr = Default
LogInit: WinSock: version 1.1 (2.2), MaxSocks=32767, MaxUdp=65467
LogInit: WinSock: I am kunal (10.7.2.62:0)
LogInit: Build: ++UE4+Release-4.19-CL-3944462
LogInit: Engine Version: 4.19.0-3944462+++UE4+Release-4.19
LogInit: Compatible Engine Version: 4.19.0-3944462+++UE4+Release-4.19
LogInit: Net CL: 3944462
LogDevObjectVersion: Number of dev versions registered: 18
LogDevObjectVersion:   Dev-Blueprints (B0D832E4-1F89-4F0D-ACCF-7EB736FD4AA2): 10
LogDevObjectVersion:   Dev-Build (E1C64328-A22C-4D53-A36C-8E866417BD8C): 0
LogDevObjectVersion:   Dev-Core (375EC13C-06E4-48FB-B500-84F0262A717E): 2
LogDevObjectVersion:   Dev-Editor (E4B068ED-F494-42E9-A231-DA0B2E46BB41): 23
LogDevObjectVersion:   Dev-Framework (CFFC743F-43B0-4480-9391-14DF171D2073): 33
LogDevObjectVersion:   Dev-Mobile (B02B49B5-BB20-44E9-A304-32B752E40360): 2
LogDevObjectVersion:   Dev-Networking (A4E4105C-59A1-49B5-A7C5-40C4547EDFEE): 0
LogDevObjectVersion:   Dev-Online (39C831C9-5AE6-47DC-9A44-9C173E1C8E7C): 0
LogDevObjectVersion:   Dev-Physics (78F01B33-EBEA-4F98-B9B4-84EACCB95AA2): 0
LogDevObjectVersion:   Dev-Platform (6631380F-2D4D-43E0-8009-CF276956A95A): 0
LogDevObjectVersion:   Dev-Rendering (12F88B9F-8875-4AFC-A67C-D90C383ABD29): 25
LogDevObjectVersion:   Dev-Sequencer (7B5AE74C-D270-4C10-A958-57980B212A5A): 6
LogDevObjectVersion:   Dev-VR (D7296918-1DD6-4BDD-9DE2-64A83CC13884): 1
LogDevObjectVersion:   Dev-LoadTimes (C2A15278-BFE7-4AFE-6C17-90FF531DF755): 1
LogDevObjectVersion:   Private-Geometry (6EACA3D4-40EC-4CC1-B786-8BED09428FC5): 2
LogDevObjectVersion:   Dev-AnimPhys (29E575DD-E0A3-4627-9D10-D276232CDCEA): 16
LogDevObjectVersion:   Dev-ReflectionCapture (6B266CEC-1EC7-4B8F-A30B-E4D90942FC07): 1
LogDevObjectVersion:   Dev-Automation (0DF73D61-A23F-47EA-B727-89E90C41499A): 1
LogInit: Compiled (64-bit): Mar 13 2018 23:12:32
LogInit: Compiled with Visual C++: 19.00.24215.01
LogInit: Build Configuration: Development
LogInit: Branch Name: ++UE4+Release-4.19
LogInit: Command Line:  /Game/Maps/Main -game -PIEVIACONSOLE -ResX=1280 -ResY=720  -Multiprocess -messaging -SessionName="Play in Standalone Game" -windowed 
LogInit: Base Directory: F:/ue/UE_4.19/Engine/Binaries/Win64/
LogInit: Installed Engine Build: 1
LogStreaming: Display: Took  0.001s to delete old logs.
LogInit: Presizing for max 8388607 objects, including 0 objects not considered by GC, pre-allocating 0 bytes for permanent pool.
LogInit: Object subsystem initialized
[2018.03.18-09.04.07:859][  0]LogInit: Selected Device Profile: [Windows]
[2018.03.18-09.04.07:859][  0]LogInit: Applying CVar settings loaded from the selected device profile: [Windows]
[2018.03.18-09.04.07:863][  0]LogInit: Computer: KUNAL
[2018.03.18-09.04.07:863][  0]LogInit: User: kunal
[2018.03.18-09.04.07:863][  0]LogInit: CPU Page size=4096, Cores=4
[2018.03.18-09.04.07:863][  0]LogInit: High frequency timer resolution =2.742191 MHz
[2018.03.18-09.04.07:863][  0]LogMemory: Memory total: Physical=7.9GB (8GB approx)
[2018.03.18-09.04.07:863][  0]LogMemory: Platform Memory Stats for Windows
[2018.03.18-09.04.07:863][  0]LogMemory: Process Physical Memory: 280.16 MB used, 280.16 MB peak
[2018.03.18-09.04.07:863][  0]LogMemory: Process Virtual Memory: 265.57 MB used, 265.57 MB peak
[2018.03.18-09.04.07:863][  0]LogMemory: Physical Memory: 4241.74 MB used,  3870.96 MB free, 8112.71 MB total
[2018.03.18-09.04.07:863][  0]LogMemory: Virtual Memory: 730.95 MB used,  3870.96 MB free, 134217728.00 MB total
[2018.03.18-09.04.07:887][  0]LogInit: Using OS detected language (en-US).
[2018.03.18-09.04.07:888][  0]LogInit: Using OS detected locale (en-IN).
[2018.03.18-09.04.07:888][  0]LogTextLocalizationManager: No localization for 'en-US' exists, so 'en' will be used for the language.
[2018.03.18-09.04.07:888][  0]LogTextLocalizationManager: No localization for 'en-IN' exists, so 'en' will be used for the locale.
[2018.03.18-09.04.08:408][  0]LogStreaming: Display: Took  0.520s to EndInitTextLocalization.
[2018.03.18-09.04.08:428][  0]LogSlate: New Slate User Created.  User Index 0, Is Virtual User: 0
[2018.03.18-09.04.08:428][  0]LogSlate: Slate User Registered.  User Index 0, Is Virtual User: 0
[2018.03.18-09.04.08:442][  0]LogD3D11RHI: D3D11 adapters:
[2018.03.18-09.04.08:501][  0]LogD3D11RHI:    0. 'NVIDIA GeForce GTX 1050' (Feature Level 11_0)
[2018.03.18-09.04.08:501][  0]LogD3D11RHI:       4021/0/4056 MB DedicatedVideo/DedicatedSystem/SharedSystem, Outputs:1, VendorId:0x10de
[2018.03.18-09.04.08:512][  0]LogD3D11RHI:    1. 'Intel(R) HD Graphics 630' (Feature Level 11_0)
[2018.03.18-09.04.08:512][  0]LogD3D11RHI:       128/0/4056 MB DedicatedVideo/DedicatedSystem/SharedSystem, Outputs:0, VendorId:0x8086
[2018.03.18-09.04.08:514][  0]LogD3D11RHI:    2. 'Microsoft Basic Render Driver' (Feature Level 11_0)
[2018.03.18-09.04.08:514][  0]LogD3D11RHI:       0/0/4056 MB DedicatedVideo/DedicatedSystem/SharedSystem, Outputs:0, VendorId:0x1414
[2018.03.18-09.04.08:514][  0]LogD3D11RHI: Chosen D3D11 Adapter: 0
[2018.03.18-09.04.08:521][  0]LogD3D11RHI: Creating new Direct3DDevice
[2018.03.18-09.04.08:521][  0]LogD3D11RHI:     GPU DeviceId: 0x1c8d (for the marketing name, search the web for "GPU Device Id")
[2018.03.18-09.04.08:521][  0]LogWindows: EnumDisplayDevices:
[2018.03.18-09.04.08:521][  0]LogWindows:    0. 'Intel(R) HD Graphics 630' (P:1 D:1)
[2018.03.18-09.04.08:521][  0]LogWindows:    1. 'Intel(R) HD Graphics 630' (P:0 D:0)
[2018.03.18-09.04.08:521][  0]LogWindows:    2. 'Intel(R) HD Graphics 630' (P:0 D:0)
[2018.03.18-09.04.08:522][  0]LogWindows: DebugString: GetVideoDriverDetailsInvalid PrimaryIsNotTheChoosenAdapter GetVideoDriverDetailsInvalid PrimaryIsNotTheChoosenAdapter GetVideoDriverDetailsInvalid PrimaryIsNotTheChoosenAdapter FoundDriverCount:0 
[2018.03.18-09.04.08:522][  0]LogD3D11RHI:     Adapter Name: NVIDIA GeForce GTX 1050
[2018.03.18-09.04.08:522][  0]LogD3D11RHI:   Driver Version: Unknown (internal:Unknown, unified:Unknown)
[2018.03.18-09.04.08:522][  0]LogD3D11RHI:      Driver Date: Unknown
[2018.03.18-09.04.08:522][  0]LogRHI: Texture pool is 2814 MB (70% of 4021 MB)
[2018.03.18-09.04.08:560][  0]LogD3D11RHI: [Aftermath] Aftermath enabled and primed
[2018.03.18-09.04.08:560][  0]LogD3D11RHI: Async texture creation enabled
[2018.03.18-09.04.08:582][  0]LogD3D11RHI: GPU Timing Frequency: 1000.000000 (Debug: 2 2)
[2018.03.18-09.04.08:583][  0]LogShaderCompilers: Guid format shader working directory is 27 characters bigger than the processId version (../../../../../Pong/Intermediate/Shaders/WorkingDirectory/6620/).
[2018.03.18-09.04.08:583][  0]LogShaderCompilers: Cleaned the shader compiler working directory 'C:/Users/kunal/AppData/Local/Temp/UnrealShaderWorkingDir/AA98EE2947DF2255D634C09F2D9F3BB6/'.
[2018.03.18-09.04.09:630][  0]LogTemp: Display: Loaded TP WindowsClientTargetPlatform
[2018.03.18-09.04.09:642][  0]LogTemp: Display: Loaded TP WindowsNoEditorTargetPlatform
[2018.03.18-09.04.09:654][  0]LogTemp: Display: Loaded TP WindowsServerTargetPlatform
[2018.03.18-09.04.09:666][  0]LogTemp: Display: Loaded TP WindowsTargetPlatform
[2018.03.18-09.04.09:666][  0]LogTargetPlatformManager: Display: Building Assets For Windows
[2018.03.18-09.04.09:766][  0]LogXGEController: Cannot use XGE Controller as Incredibuild is not installed on this machine.
[2018.03.18-09.04.09:766][  0]LogShaderCompilers: Cannot use XGE Shader Compiler as Incredibuild is not installed on this machine.
[2018.03.18-09.04.09:766][  0]LogShaderCompilers: Display: Using Local Shader Compiler.
[2018.03.18-09.04.10:373][  0]LogDerivedDataCache: Display: Max Cache Size: 512 MB
[2018.03.18-09.04.10:449][  0]LogDerivedDataCache: Loaded boot cache 0.08s 74MB C:/Users/kunal/AppData/Local/UnrealEngine/4.19/DerivedDataCache/Boot.ddc.
[2018.03.18-09.04.10:449][  0]LogDerivedDataCache: Display: Loaded Boot cache: C:/Users/kunal/AppData/Local/UnrealEngine/4.19/DerivedDataCache/Boot.ddc
[2018.03.18-09.04.10:450][  0]LogDerivedDataCache: FDerivedDataBackendGraph:  Pak pak cache file ../../../../../Pong/DerivedDataCache/DDC.ddp not found, will not use a pak cache.
[2018.03.18-09.04.10:450][  0]LogDerivedDataCache: Unable to find inner node Pak for hierarchical cache Hierarchy.
[2018.03.18-09.04.10:450][  0]LogDerivedDataCache: FDerivedDataBackendGraph:  CompressedPak pak cache file ../../../../../Pong/DerivedDataCache/Compressed.ddp not found, will not use a pak cache.
[2018.03.18-09.04.10:450][  0]LogDerivedDataCache: Unable to find inner node CompressedPak for hierarchical cache Hierarchy.
[2018.03.18-09.04.10:465][  0]LogDerivedDataCache: Display: Pak cache opened for reading ../../../Engine/DerivedDataCache/Compressed.ddp.
[2018.03.18-09.04.10:478][  0]LogDerivedDataCache: Using Local data cache path C:/Users/kunal/AppData/Local/UnrealEngine/Common/DerivedDataCache: Writable
[2018.03.18-09.04.10:489][  0]LogMaterial: Verifying Global Shaders for PCD3D_SM5
[2018.03.18-09.04.10:490][  0]LogSlate: Using Freetype 2.6.0
[2018.03.18-09.04.10:490][  0]LogSlate: SlateFontCache - WITH_FREETYPE: 1, WITH_HARFBUZZ: 1
[2018.03.18-09.04.10:490][  0]LogSlate: SlateFontCache - WITH_FREETYPE: 1, WITH_HARFBUZZ: 1
[2018.03.18-09.04.10:586][  0]LogAssetRegistry: FAssetRegistry took 0.0039 seconds to start up
[2018.03.18-09.04.10:766][  0]LogPackageLocalizationCache: Processed 9 localized package path(s) for 1 prioritized culture(s) in 0.009382 seconds
[2018.03.18-09.04.10:854][  0]LogInit: Selected Device Profile: [Windows]
[2018.03.18-09.04.10:984][  0]LogSimplygon: Simplygon DLL not present - disabling.
[2018.03.18-09.04.10:986][  0]LogMeshReduction: Using SimplygonSwarm for distributed automatic mesh merging
[2018.03.18-09.04.10:986][  0]LogMeshReduction: Using QuadricMeshReduction for automatic static mesh reduction
[2018.03.18-09.04.10:986][  0]LogMeshReduction: No automatic skeletal mesh reduction module available
[2018.03.18-09.04.10:986][  0]LogMeshReduction: No automatic mesh merging module available
[2018.03.18-09.04.10:986][  0]LogMeshMerging: No automatic mesh merging module available
[2018.03.18-09.04.11:014][  0]LogNetVersion: Pong , NetCL: 3944462, EngineNetVer: 2, GameNetVer: 0 (Checksum: 2484840664)
[2018.03.18-09.04.11:603][  0]LogMoviePlayer: Initializing movie player
[2018.03.18-09.04.11:910][  0]LogTcpMessaging: Initializing TcpMessaging bridge
[2018.03.18-09.04.11:941][  0]LogUdpMessaging: Initializing bridge on interface 0.0.0.0:0 to multicast group 230.0.0.1:6666.
[2018.03.18-09.04.12:191][  0]SourceControl: Source control is disabled
[2018.03.18-09.04.12:191][  0]SourceControl: Source control is disabled
[2018.03.18-09.04.12:208][  0]SourceControl: Source control is disabled
[2018.03.18-09.04.12:543][  0]LogAndroidPermission: UAndroidPermissionCallbackProxy::GetInstance
[2018.03.18-09.04.12:715][  0]LogOcInput: OculusInput pre-init called
[2018.03.18-09.04.12:756][  0]LogUObjectArray: 40167 objects as part of root set at end of initial load.
[2018.03.18-09.04.12:756][  0]LogUObjectAllocator: 8386088 out of 0 bytes used by permanent object pool.
[2018.03.18-09.04.12:756][  0]LogUObjectArray: CloseDisregardForGC: 0/0 objects in disregard for GC pool
[2018.03.18-09.04.12:805][  0]LogEngine: Initializing Engine...
[2018.03.18-09.04.12:807][  0]LogHMD: Failed to initialize OpenVR with code 110
[2018.03.18-09.04.12:819][  0]LogStats: UGameplayTagsManager::ConstructGameplayTagTree: Construct from data asset -  0.000 s
[2018.03.18-09.04.12:819][  0]LogStats: UGameplayTagsManager::ConstructGameplayTagTree: GameplayTagTreeChangedEvent.Broadcast -  0.000 s
[2018.03.18-09.04.13:013][  0]LogInit: XAudio2 using 'Speakers (Realtek High Definition Audio)' : 6 channels at 48 kHz using 32 bits per sample (channel mask 0x3f)
[2018.03.18-09.04.13:067][  0]LogInit: FAudioDevice initialized.
[2018.03.18-09.04.13:088][  0]LogInit: Texture streaming: Enabled
[2018.03.18-09.04.13:211][  0]LogInit: Display: Game Engine Initialized.
[2018.03.18-09.04.13:211][  0]LogGameplayTags: Display: UGameplayTagsManager::DoneAddingNativeTags. DelegateIsBound: 0
[2018.03.18-09.04.13:211][  0]LogStats: UGameplayTagsManager::ConstructGameplayTagTree: Construct from data asset -  0.000 s
[2018.03.18-09.04.13:211][  0]LogStats: UGameplayTagsManager::ConstructGameplayTagTree: GameplayTagTreeChangedEvent.Broadcast -  0.000 s
[2018.03.18-09.04.13:303][  0]LogInit: Display: Starting Game.
[2018.03.18-09.04.13:303][  0]LogNet: Browse: /Game/Maps/Main?Name=Player
[2018.03.18-09.04.13:303][  0]LogLoad: LoadMap: /Game/Maps/Main?Name=Player
[2018.03.18-09.04.13:409][  0]LogAIModule: Creating AISystem for world Main
[2018.03.18-09.04.13:442][  0]LogLoad: Game class is 'BP_PongGameMode_C'
[2018.03.18-09.04.13:444][  0]LogWorld: Bringing World /Game/Maps/Main.Main up for play (max tick rate 0) at 2018.03.18-14.34.13
[2018.03.18-09.04.13:444][  0]LogWorld: Bringing up level for play took: 0.001355
[2018.03.18-09.04.13:444][  0]LogGameMode: FindPlayerStart: PATHS NOT DEFINED or NO PLAYERSTART with positive rating
[2018.03.18-09.04.13:446][  0]LogLoad: Took 0.143319 seconds to LoadMap(/Game/Maps/Main)
[2018.03.18-09.04.13:494][  0]LogLoad: (Engine Initialization) Total time: 21.86 seconds
[2018.03.18-09.04.13:494][  0]LogLoad: (Engine Initialization) Total Blueprint compile time: 0.00 seconds
[2018.03.18-09.04.13:535][  0]LogRenderer: Reallocating scene render targets to support 1280x720 Format 10 NumSamples 1 (Frame:1).
[2018.03.18-09.04.13:583][  0]LogWindowsTextInputMethodSystem: Display: IME system now deactivated.
[2018.03.18-09.04.13:586][  0]LogContentStreaming: Texture pool size now 1000 MB
[2018.03.18-09.05.02:348][ 15]LogSlate: Window 'Pong (64-bit, PCD3D_SM5) ' being destroyed
[2018.03.18-09.05.02:348][ 15]LogWindowsTextInputMethodSystem: Display: IME system now deactivated.
[2018.03.18-09.05.02:352][ 15]LogWindowsTextInputMethodSystem: Display: IME system now deactivated.
[2018.03.18-09.05.02:354][ 15]LogEngine: All Windows Closed
[2018.03.18-09.05.02:354][ 15]LogWindows: FPlatformMisc::RequestExit(0)
[2018.03.18-09.05.02:831][ 16]LogSlate: Slate User Destroyed.  User Index 0, Is Virtual User: 0
[2018.03.18-09.05.02:831][ 16]LogExit: Preparing to exit.
[2018.03.18-09.05.02:831][ 16]LogMoviePlayer: Shutting down movie player
[2018.03.18-09.05.03:987][ 16]LogExit: Game engine shut down
[2018.03.18-09.05.04:035][ 16]LogExit: Object subsystem successfully closed.
[2018.03.18-09.05.04:049][ 16]LogShaderCompilers: Display: Shaders left to compile 0
[2018.03.18-09.05.04:051][ 16]LogD3D11RHI: Shutdown
[2018.03.18-09.05.04:051][ 16]LogD3D11RHI: CleanupD3DDevice
[2018.03.18-09.05.04:053][ 16]LogD3D11RHI: ~FD3D11DynamicRHI
[2018.03.18-09.05.04:057][ 16]LogModuleManager: Shutting down and abandoning module SequenceRecorderSections (336)
[2018.03.18-09.05.04:057][ 16]LogModuleManager: Shutting down and abandoning module SequenceRecorder (334)
[2018.03.18-09.05.04:057][ 16]LogModuleManager: Shutting down and abandoning module AutomationController (332)
[2018.03.18-09.05.04:057][ 16]LogModuleManager: Shutting down and abandoning module AutomationWorker (330)
[2018.03.18-09.05.04:057][ 16]LogModuleManager: Shutting down and abandoning module AIModule (328)
[2018.03.18-09.05.04:057][ 16]LogModuleManager: Shutting down and abandoning module GameplayDebugger (327)
[2018.03.18-09.05.04:057][ 16]LogModuleManager: Shutting down and abandoning module AITestSuite (325)
[2018.03.18-09.05.04:057][ 16]LogModuleManager: Shutting down and abandoning module WmfMediaFactory (322)
[2018.03.18-09.05.04:057][ 16]LogModuleManager: Shutting down and abandoning module OpenExrWrapper (320)
[2018.03.18-09.05.04:057][ 16]LogModuleManager: Shutting down and abandoning module ImgMediaFactory (318)
[2018.03.18-09.05.04:057][ 16]LogModuleManager: Shutting down and abandoning module AvfMediaFactory (316)
[2018.03.18-09.05.04:057][ 16]LogModuleManager: Shutting down and abandoning module CharacterAI (314)
[2018.03.18-09.05.04:057][ 16]LogModuleManager: Shutting down and abandoning module SessionServices (312)
[2018.03.18-09.05.04:057][ 16]LogModuleManager: Shutting down and abandoning module MovieSceneCapture (310)
[2018.03.18-09.05.04:057][ 16]LogModuleManager: Shutting down and abandoning module MovieSceneTracks (308)
[2018.03.18-09.05.04:057][ 16]LogModuleManager: Shutting down and abandoning module MovieScene (306)
[2018.03.18-09.05.04:057][ 16]LogModuleManager: Shutting down and abandoning module GeometryCache (304)
[2018.03.18-09.05.04:057][ 16]LogModuleManager: Shutting down and abandoning module GeometryCacheEd (303)
[2018.03.18-09.05.04:057][ 16]LogModuleManager: Shutting down and abandoning module StreamingPauseRendering (300)
[2018.03.18-09.05.04:057][ 16]LogModuleManager: Shutting down and abandoning module PortalServices (298)
[2018.03.18-09.05.04:057][ 16]LogModuleManager: Shutting down and abandoning module PortalRpc (296)
[2018.03.18-09.05.04:057][ 16]LogModuleManager: Shutting down and abandoning module MessagingRpc (294)
[2018.03.18-09.05.04:057][ 16]LogModuleManager: Shutting down and abandoning module ProfilerService (292)
[2018.03.18-09.05.04:096][ 16]LogModuleManager: Shutting down and abandoning module TaskGraph (290)
[2018.03.18-09.05.04:096][ 16]LogModuleManager: Shutting down and abandoning module SteamVRController (288)
[2018.03.18-09.05.04:096][ 16]LogModuleManager: Shutting down and abandoning module ProceduralMeshComponent (286)
[2018.03.18-09.05.04:096][ 16]LogModuleManager: Shutting down and abandoning module OculusInput (284)
[2018.03.18-09.05.04:096][ 16]LogModuleManager: Shutting down and abandoning module MobilePatchingUtils (282)
[2018.03.18-09.05.04:096][ 16]LogModuleManager: Shutting down and abandoning module CustomMeshComponent (280)
[2018.03.18-09.05.04:096][ 16]LogModuleManager: Shutting down and abandoning module CableComponent (278)
[2018.03.18-09.05.04:096][ 16]LogModuleManager: Shutting down and abandoning module AudioCapture (276)
[2018.03.18-09.05.04:096][ 16]LogModuleManager: Shutting down and abandoning module ArchVisCharacter (274)
[2018.03.18-09.05.04:096][ 16]LogModuleManager: Shutting down and abandoning module AndroidPermission (272)
[2018.03.18-09.05.04:096][ 16]LogModuleManager: Shutting down and abandoning module NUTUnrealEngine4 (268)
[2018.03.18-09.05.04:096][ 16]LogModuleManager: Shutting down and abandoning module NetcodeUnitTest (266)
[2018.03.18-09.05.04:096][ 16]LogModuleManager: Shutting down and abandoning module MediaCompositing (264)
[2018.03.18-09.05.04:096][ 16]LogModuleManager: Shutting down and abandoning module LinearTimecode (262)
[2018.03.18-09.05.04:096][ 16]LogModuleManager: Shutting down and abandoning module ImgMedia (260)
[2018.03.18-09.05.04:098][ 16]LogModuleManager: Shutting down and abandoning module HTML5Networking (258)
[2018.03.18-09.05.04:098][ 16]LogModuleManager: Shutting down and abandoning module DatasmithContent (256)
[2018.03.18-09.05.04:098][ 16]LogModuleManager: Shutting down and abandoning module CryptoKeysOpenSSL (254)
[2018.03.18-09.05.04:098][ 16]LogModuleManager: Shutting down and abandoning module CryptoKeys (252)
[2018.03.18-09.05.04:098][ 16]LogModuleManager: Shutting down and abandoning module VisualStudioSourceCodeAccess (250)
[2018.03.18-09.05.04:098][ 16]LogModuleManager: Shutting down and abandoning module HotReload (249)
[2018.03.18-09.05.04:098][ 16]LogDirectoryWatcher: A directory notification for 'F:/Pong/Binaries/Win64' was aborted.
[2018.03.18-09.05.04:098][ 16]LogModuleManager: Shutting down and abandoning module DirectoryWatcher (248)
[2018.03.18-09.05.04:098][ 16]LogModuleManager: Shutting down and abandoning module VisualStudioCodeSourceCodeAccess (244)
[2018.03.18-09.05.04:099][ 16]LogModuleManager: Shutting down and abandoning module UObjectPlugin (242)
[2018.03.18-09.05.04:099][ 16]LogModuleManager: Shutting down and abandoning module SubversionSourceControl (240)
[2018.03.18-09.05.04:099][ 16]LogModuleManager: Shutting down and abandoning module PerforceSourceControl (238)
[2018.03.18-09.05.04:099][ 16]LogModuleManager: Shutting down and abandoning module SourceControl (237)
[2018.03.18-09.05.04:099][ 16]LogModuleManager: Shutting down and abandoning module CLionSourceCodeAccess (234)
[2018.03.18-09.05.04:099][ 16]LogModuleManager: Shutting down and abandoning module Pong (232)
[2018.03.18-09.05.04:099][ 16]LogModuleManager: Shutting down and abandoning module RuntimePhysXCooking (230)
[2018.03.18-09.05.04:099][ 16]LogModuleManager: Shutting down and abandoning module PhysXVehiclesEditor (228)
[2018.03.18-09.05.04:099][ 16]LogModuleManager: Shutting down and abandoning module PhysXVehicles (226)
[2018.03.18-09.05.04:099][ 16]LogModuleManager: Shutting down and abandoning module LocationServicesBPLibrary (224)
[2018.03.18-09.05.04:099][ 16]LogModuleManager: Shutting down and abandoning module ImmediatePhysicsEditor (222)
[2018.03.18-09.05.04:099][ 16]LogModuleManager: Shutting down and abandoning module ImmediatePhysics (220)
[2018.03.18-09.05.04:099][ 16]LogModuleManager: Shutting down and abandoning module ActorSequence (218)
[2018.03.18-09.05.04:099][ 16]LogModuleManager: Shutting down and abandoning module UdpMessaging (216)
[2018.03.18-09.05.04:200][ 16]LogModuleManager: Shutting down and abandoning module TcpMessaging (214)
[2018.03.18-09.05.04:934][ 16]LogModuleManager: Shutting down and abandoning module GameplayTagsEditor (212)
[2018.03.18-09.05.04:934][ 16]LogModuleManager: Shutting down and abandoning module FacialAnimation (210)
[2018.03.18-09.05.04:934][ 16]LogModuleManager: Shutting down and abandoning module DataValidation (208)
[2018.03.18-09.05.04:934][ 16]LogModuleManager: Shutting down and abandoning module AssetManagerEditor (206)
[2018.03.18-09.05.04:934][ 16]LogModuleManager: Shutting down and abandoning module TreeMap (205)
[2018.03.18-09.05.04:934][ 16]LogModuleManager: Shutting down and abandoning module LightPropagationVolumeRuntime (202)
[2018.03.18-09.05.04:934][ 16]LogModuleManager: Shutting down and abandoning module LiveLink (200)
[2018.03.18-09.05.05:800][ 16]LogModuleManager: Shutting down and abandoning module Paper2D (198)
[2018.03.18-09.05.05:800][ 16]LogModuleManager: Shutting down and abandoning module PIEPreviewDeviceProfileSelector (196)
[2018.03.18-09.05.05:800][ 16]LogModuleManager: Shutting down and abandoning module WindowsMoviePlayer (194)
[2018.03.18-09.05.05:800][ 16]LogModuleManager: Shutting down and abandoning module WmfMedia (192)
[2018.03.18-09.05.05:801][ 16]LogModuleManager: Shutting down and abandoning module PacketHandler (190)
[2018.03.18-09.05.05:801][ 16]LogModuleManager: Shutting down and abandoning module ClothingSystemEditor (188)
[2018.03.18-09.05.05:801][ 16]LogModuleManager: Shutting down and abandoning module ClothingSystemRuntime (186)
[2018.03.18-09.05.05:801][ 16]LogModuleManager: Shutting down and abandoning module MediaAssets (184)
[2018.03.18-09.05.05:801][ 16]LogModuleManager: Shutting down and abandoning module Media (183)
[2018.03.18-09.05.05:808][ 16]LogModuleManager: Shutting down and abandoning module Overlay (180)
[2018.03.18-09.05.05:808][ 16]LogModuleManager: Shutting down and abandoning module OverlayEditor (179)
[2018.03.18-09.05.05:808][ 16]LogModuleManager: Shutting down and abandoning module VREditor (176)
[2018.03.18-09.05.05:808][ 16]LogModuleManager: Shutting down and abandoning module StringTableEditor (174)
[2018.03.18-09.05.05:808][ 16]LogModuleManager: Shutting down and abandoning module GameplayTasksEditor (172)
[2018.03.18-09.05.05:808][ 16]LogModuleManager: Shutting down and abandoning module BehaviorTreeEditor (170)
[2018.03.18-09.05.05:808][ 16]LogModuleManager: Shutting down and abandoning module FunctionalTesting (168)
[2018.03.18-09.05.05:808][ 16]LogModuleManager: Shutting down and abandoning module CollisionAnalyzer (166)
[2018.03.18-09.05.05:808][ 16]LogModuleManager: Shutting down and abandoning module WorkspaceMenuStructure (165)
[2018.03.18-09.05.05:808][ 16]LogModuleManager: Shutting down and abandoning module UMG (162)
[2018.03.18-09.05.05:808][ 16]LogModuleManager: Shutting down and abandoning module UMGEditor (161)
[2018.03.18-09.05.05:808][ 16]LogModuleManager: Shutting down and abandoning module Sequencer (160)
[2018.03.18-09.05.05:808][ 16]LogModuleManager: Shutting down and abandoning module MessageLog (157)
[2018.03.18-09.05.05:808][ 16]LogModuleManager: Shutting down and abandoning module SlateReflector (152)
[2018.03.18-09.05.05:808][ 16]LogModuleManager: Shutting down and abandoning module Slate (150)
[2018.03.18-09.05.05:808][ 16]LogModuleManager: Shutting down and abandoning module EditorStyle (148)
[2018.03.18-09.05.05:809][ 16]LogModuleManager: Shutting down and abandoning module MRMesh (146)
[2018.03.18-09.05.05:810][ 16]LogModuleManager: Shutting down and abandoning module Messaging (144)
[2018.03.18-09.05.05:810][ 16]LogModuleManager: Shutting down and abandoning module SourceCodeAccess (142)
[2018.03.18-09.05.05:810][ 16]LogModuleManager: Shutting down and abandoning module HeadMountedDisplay (140)
[2018.03.18-09.05.05:810][ 16]LogModuleManager: Shutting down and abandoning module XAudio2 (138)
[2018.03.18-09.05.05:810][ 16]LogModuleManager: Shutting down and abandoning module Networking (136)
[2018.03.18-09.05.05:810][ 16]LogModuleManager: Shutting down and abandoning module Core (134)
[2018.03.18-09.05.05:810][ 16]LogModuleManager: Shutting down and abandoning module LevelSequence (132)
[2018.03.18-09.05.05:810][ 16]LogModuleManager: Shutting down and abandoning module KismetCompiler (130)
[2018.03.18-09.05.05:810][ 16]LogModuleManager: Shutting down and abandoning module MeshUtilities (128)
[2018.03.18-09.05.05:810][ 16]LogModuleManager: Shutting down and abandoning module MeshMergeUtilities (127)
[2018.03.18-09.05.05:810][ 16]LogModuleManager: Shutting down and abandoning module MeshReductionInterface (126)
[2018.03.18-09.05.05:810][ 16]LogModuleManager: Shutting down and abandoning module SimplygonSwarm (125)
[2018.03.18-09.05.05:810][ 16]LogModuleManager: Shutting down and abandoning module SimplygonMeshReduction (123)
[2018.03.18-09.05.05:810][ 16]LogModuleManager: Shutting down and abandoning module QuadricMeshReduction (121)
[2018.03.18-09.05.05:810][ 16]LogModuleManager: Shutting down and abandoning module MaterialBaking (117)
[2018.03.18-09.05.05:810][ 16]LogModuleManager: Shutting down and abandoning module DerivedDataCache (112)
[2018.03.18-09.05.06:012][ 16]LogDerivedDataCache: Shutdown
[2018.03.18-09.05.06:012][ 16]LogModuleManager: Shutting down and abandoning module XGEController (110)
[2018.03.18-09.05.06:012][ 16]LogModuleManager: Shutting down and abandoning module TargetPlatform (108)
[2018.03.18-09.05.06:012][ 16]LogModuleManager: Shutting down and abandoning module VulkanShaderFormat (107)
[2018.03.18-09.05.06:012][ 16]LogModuleManager: Shutting down and abandoning module ShaderFormatVectorVM (105)
[2018.03.18-09.05.06:012][ 16]LogModuleManager: Shutting down and abandoning module ShaderFormatOpenGL (103)
[2018.03.18-09.05.06:012][ 16]LogModuleManager: Shutting down and abandoning module ShaderFormatD3D (101)
[2018.03.18-09.05.06:012][ 16]LogModuleManager: Shutting down and abandoning module MetalShaderFormat (99)
[2018.03.18-09.05.06:012][ 16]LogModuleManager: Shutting down and abandoning module TextureFormatUncompressed (97)
[2018.03.18-09.05.06:012][ 16]LogModuleManager: Shutting down and abandoning module TextureFormatPVR (95)
[2018.03.18-09.05.06:012][ 16]LogModuleManager: Shutting down and abandoning module TextureFormatDXT (93)
[2018.03.18-09.05.06:012][ 16]LogModuleManager: Shutting down and abandoning module TextureFormatIntelISPCTexComp (91)
[2018.03.18-09.05.06:012][ 16]LogModuleManager: Shutting down and abandoning module TextureFormatASTC (89)
[2018.03.18-09.05.06:012][ 16]LogModuleManager: Shutting down and abandoning module ImageWrapper (88)
[2018.03.18-09.05.06:012][ 16]LogModuleManager: Shutting down and abandoning module TextureFormatAndroid (85)
[2018.03.18-09.05.06:012][ 16]LogModuleManager: Shutting down and abandoning module AudioFormatOpus (83)
[2018.03.18-09.05.06:012][ 16]LogModuleManager: Shutting down and abandoning module AudioFormatOgg (81)
[2018.03.18-09.05.06:012][ 16]LogModuleManager: Shutting down and abandoning module AudioFormatADPCM (79)
[2018.03.18-09.05.06:012][ 16]LogModuleManager: Shutting down and abandoning module WindowsTargetPlatform (77)
[2018.03.18-09.05.06:012][ 16]LogModuleManager: Shutting down and abandoning module WindowsServerTargetPlatform (75)
[2018.03.18-09.05.06:012][ 16]LogModuleManager: Shutting down and abandoning module WindowsNoEditorTargetPlatform (73)
[2018.03.18-09.05.06:012][ 16]LogModuleManager: Shutting down and abandoning module WindowsClientTargetPlatform (71)
[2018.03.18-09.05.06:012][ 16]LogModuleManager: Shutting down and abandoning module InputCore (68)
[2018.03.18-09.05.06:012][ 16]LogModuleManager: Shutting down and abandoning module Settings (66)
[2018.03.18-09.05.06:012][ 16]LogModuleManager: Shutting down and abandoning module PhysXCooking (64)
[2018.03.18-09.05.06:012][ 16]LogModuleManager: Shutting down and abandoning module SteamVR (62)
[2018.03.18-09.05.06:012][ 16]LogModuleManager: Shutting down and abandoning module OculusHMD (60)
[2018.03.18-09.05.06:012][ 16]LogModuleManager: Shutting down and abandoning module ExampleDeviceProfileSelector (58)
[2018.03.18-09.05.06:012][ 16]LogModuleManager: Shutting down and abandoning module AppleARKit (56)
[2018.03.18-09.05.06:012][ 16]LogModuleManager: Shutting down and abandoning module AugmentedReality (53)
[2018.03.18-09.05.06:012][ 16]LogModuleManager: Shutting down and abandoning module OnlineBlueprintSupport (50)
[2018.03.18-09.05.06:012][ 16]LogModuleManager: Shutting down and abandoning module OnlineSubsystem (46)
[2018.03.18-09.05.06:012][ 16]LogModuleManager: Shutting down and abandoning module XMPP (45)
[2018.03.18-09.05.06:012][ 16]LogModuleManager: Shutting down and abandoning module HTTP (43)
[2018.03.18-09.05.06:032][ 16]LogModuleManager: Shutting down and abandoning module SSL (42)
[2018.03.18-09.05.06:033][ 16]LogModuleManager: Shutting down and abandoning module DesktopPlatform (38)
[2018.03.18-09.05.06:033][ 16]LogModuleManager: Shutting down and abandoning module AnimationModifiers (36)
[2018.03.18-09.05.06:033][ 16]LogModuleManager: Shutting down and abandoning module PropertyEditor (35)
[2018.03.18-09.05.06:033][ 16]LogModuleManager: Shutting down and abandoning module AudioEditor (32)
[2018.03.18-09.05.06:033][ 16]LogModuleManager: Shutting down and abandoning module TextureCompressor (30)
[2018.03.18-09.05.06:034][ 16]LogModuleManager: Shutting down and abandoning module ShaderCore (28)
[2018.03.18-09.05.06:034][ 16]LogModuleManager: Shutting down and abandoning module Landscape (26)
[2018.03.18-09.05.06:034][ 16]LogModuleManager: Shutting down and abandoning module SlateRHIRenderer (24)
[2018.03.18-09.05.06:034][ 16]LogModuleManager: Shutting down and abandoning module OpenGLDrv (22)
[2018.03.18-09.05.06:034][ 16]LogModuleManager: Shutting down and abandoning module D3D11RHI (20)
[2018.03.18-09.05.06:034][ 16]LogModuleManager: Shutting down and abandoning module AnimGraphRuntime (18)
[2018.03.18-09.05.06:034][ 16]LogModuleManager: Shutting down and abandoning module Renderer (16)
[2018.03.18-09.05.06:034][ 16]LogModuleManager: Shutting down and abandoning module Engine (14)
[2018.03.18-09.05.06:034][ 16]LogModuleManager: Shutting down and abandoning module CoreUObject (12)
[2018.03.18-09.05.06:034][ 16]LogModuleManager: Shutting down and abandoning module NetworkFile (10)
[2018.03.18-09.05.06:034][ 16]LogModuleManager: Shutting down and abandoning module CookedIterativeFile (8)
[2018.03.18-09.05.06:034][ 16]LogModuleManager: Shutting down and abandoning module StreamingFile (6)
[2018.03.18-09.05.06:034][ 16]LogModuleManager: Shutting down and abandoning module SandboxFile (4)
[2018.03.18-09.05.06:034][ 16]LogModuleManager: Shutting down and abandoning module PakFile (2)
[2018.03.18-09.05.06:039][ 16]LogExit: Exiting.
[2018.03.18-09.05.06:043][ 16]Log file closed, 03/18/18 14:35:06
